TN:
SF:C:\Users\HP\Desktop\teamwork-project\teamwork-project\src/index.js
FN:56,(anonymous_1)
FN:60,(anonymous_2)
FNF:2
FNH:1
FNDA:0,(anonymous_1)
FNDA:1,(anonymous_2)
DA:1,1
DA:2,1
DA:3,1
DA:4,1
DA:5,1
DA:6,1
DA:7,1
DA:8,1
DA:9,1
DA:10,1
DA:11,1
DA:12,1
DA:13,1
DA:14,1
DA:16,1
DA:17,1
DA:18,1
DA:21,1
DA:22,1
DA:23,1
DA:24,1
DA:25,1
DA:27,1
DA:28,1
DA:29,1
DA:30,1
DA:31,1
DA:32,1
DA:34,1
DA:45,1
DA:52,1
DA:54,1
DA:56,1
DA:57,0
DA:59,1
DA:60,1
DA:62,1
LF:37
LH:36
BRDA:59,0,0,1
BRDA:59,0,1,0
BRF:2
BRH:1
end_of_record
TN:
SF:C:\Users\HP\Desktop\teamwork-project\teamwork-project\src\controller/ariticle.controller.js
FN:17,(anonymous_1)
FN:78,(anonymous_2)
FN:98,(anonymous_3)
FN:124,(anonymous_4)
FN:164,(anonymous_5)
FNF:5
FNH:1
FNDA:1,(anonymous_1)
FNDA:0,(anonymous_2)
FNDA:0,(anonymous_3)
FNDA:0,(anonymous_4)
FNDA:0,(anonymous_5)
DA:2,1
DA:3,1
DA:10,1
DA:18,1
DA:19,1
DA:21,1
DA:22,1
DA:23,1
DA:24,0
DA:29,1
DA:34,1
DA:35,1
DA:36,1
DA:37,0
DA:42,1
DA:47,1
DA:48,1
DA:58,0
DA:59,0
DA:60,0
DA:65,0
DA:79,0
DA:80,0
DA:81,0
DA:88,0
DA:99,0
DA:100,0
DA:101,0
DA:102,0
DA:107,0
DA:114,0
DA:115,0
DA:125,0
DA:126,0
DA:127,0
DA:128,0
DA:132,0
DA:133,0
DA:134,0
DA:139,0
DA:143,0
DA:144,0
DA:153,0
DA:154,0
DA:165,0
DA:166,0
DA:167,0
DA:168,0
DA:172,0
DA:173,0
DA:174,0
DA:179,0
DA:183,0
DA:184,0
DA:191,0
DA:192,0
DA:201,1
LF:57
LH:16
BRDA:23,0,0,0
BRDA:23,0,1,1
BRDA:23,1,0,1
BRDA:23,1,1,1
BRDA:36,2,0,0
BRDA:36,2,1,1
BRDA:59,3,0,0
BRDA:59,3,1,0
BRDA:101,4,0,0
BRDA:101,4,1,0
BRDA:133,5,0,0
BRDA:133,5,1,0
BRDA:173,6,0,0
BRDA:173,6,1,0
BRF:14
BRH:4
end_of_record
TN:
SF:C:\Users\HP\Desktop\teamwork-project\teamwork-project\src\controller/articleComment.js
FN:4,(anonymous_1)
FNF:1
FNH:0
FNDA:0,(anonymous_1)
DA:1,1
DA:3,1
DA:5,0
DA:6,0
DA:7,0
DA:8,0
DA:9,0
DA:10,0
DA:15,0
DA:16,0
DA:17,0
DA:18,0
DA:23,0
DA:28,0
DA:29,0
DA:40,0
DA:41,0
DA:49,1
LF:18
LH:3
BRDA:17,0,0,0
BRDA:17,0,1,0
BRF:2
BRH:0
end_of_record
TN:
SF:C:\Users\HP\Desktop\teamwork-project\teamwork-project\src\controller/feed.controller.js
FN:6,(anonymous_1)
FNF:1
FNH:0
FNDA:0,(anonymous_1)
DA:1,1
DA:2,1
DA:4,1
DA:7,0
DA:8,0
DA:9,0
DA:10,0
DA:18,0
DA:19,0
DA:27,1
LF:10
LH:4
BRF:0
BRH:0
end_of_record
TN:
SF:C:\Users\HP\Desktop\teamwork-project\teamwork-project\src\controller/gift.controller.js
FN:13,(anonymous_1)
FN:19,(anonymous_2)
FN:62,(anonymous_3)
FN:80,(anonymous_4)
FN:106,(anonymous_5)
FNF:5
FNH:0
FNDA:0,(anonymous_1)
FNDA:0,(anonymous_2)
FNDA:0,(anonymous_3)
FNDA:0,(anonymous_4)
FNDA:0,(anonymous_5)
DA:1,1
DA:2,1
DA:3,1
DA:8,1
DA:11,1
DA:14,0
DA:15,0
DA:17,0
DA:18,0
DA:19,0
DA:20,0
DA:21,0
DA:27,0
DA:29,0
DA:30,0
DA:31,0
DA:43,0
DA:44,0
DA:45,0
DA:50,0
DA:63,0
DA:64,0
DA:65,0
DA:70,0
DA:81,0
DA:82,0
DA:83,0
DA:84,0
DA:89,0
DA:96,0
DA:97,0
DA:107,0
DA:108,0
DA:109,0
DA:110,0
DA:114,0
DA:115,0
DA:116,0
DA:121,0
DA:125,0
DA:126,0
DA:133,0
DA:134,0
DA:142,1
LF:44
LH:6
BRDA:17,0,0,0
BRDA:17,0,1,0
BRDA:44,1,0,0
BRDA:44,1,1,0
BRDA:83,2,0,0
BRDA:83,2,1,0
BRDA:115,3,0,0
BRDA:115,3,1,0
BRF:8
BRH:0
end_of_record
TN:
SF:C:\Users\HP\Desktop\teamwork-project\teamwork-project\src\controller/giftComment.js
FN:4,(anonymous_1)
FNF:1
FNH:0
FNDA:0,(anonymous_1)
DA:1,1
DA:3,1
DA:5,0
DA:6,0
DA:7,0
DA:8,0
DA:9,0
DA:10,0
DA:15,0
DA:16,0
DA:17,0
DA:18,0
DA:23,0
DA:28,0
DA:29,0
DA:40,0
DA:41,0
DA:48,1
LF:18
LH:3
BRDA:17,0,0,0
BRDA:17,0,1,0
BRF:2
BRH:0
end_of_record
TN:
SF:C:\Users\HP\Desktop\teamwork-project\teamwork-project\src\controller/user.controller.js
FN:22,(anonymous_1)
FN:101,(anonymous_2)
FNF:2
FNH:2
FNDA:1,(anonymous_1)
FNDA:4,(anonymous_2)
DA:2,1
DA:3,1
DA:4,1
DA:5,1
DA:6,1
DA:7,1
DA:8,1
DA:10,1
DA:11,1
DA:13,1
DA:14,1
DA:25,1
DA:27,1
DA:28,0
DA:36,1
DA:37,0
DA:43,1
DA:44,0
DA:50,1
DA:52,1
DA:67,1
DA:68,1
DA:69,1
DA:71,1
DA:80,0
DA:82,0
DA:83,0
DA:88,0
DA:102,4
DA:103,4
DA:104,0
DA:110,4
DA:111,0
DA:117,4
DA:118,4
DA:119,4
DA:120,0
DA:126,4
DA:127,0
DA:133,4
DA:134,4
DA:142,0
DA:143,0
DA:151,1
LF:44
LH:31
BRDA:27,0,0,0
BRDA:27,0,1,1
BRDA:27,1,0,1
BRDA:27,1,1,1
BRDA:27,1,2,1
BRDA:27,1,3,1
BRDA:27,1,4,1
BRDA:27,1,5,1
BRDA:27,1,6,1
BRDA:27,1,7,1
BRDA:36,2,0,0
BRDA:36,2,1,1
BRDA:43,3,0,0
BRDA:43,3,1,1
BRDA:82,4,0,0
BRDA:82,4,1,0
BRDA:103,5,0,0
BRDA:103,5,1,4
BRDA:103,6,0,4
BRDA:103,6,1,4
BRDA:110,7,0,0
BRDA:110,7,1,4
BRDA:119,8,0,0
BRDA:119,8,1,4
BRDA:126,9,0,0
BRDA:126,9,1,4
BRF:26
BRH:17
end_of_record
TN:
SF:C:\Users\HP\Desktop\teamwork-project\teamwork-project\src\helper/Helper.js
FN:10,(anonymous_1)
FN:19,(anonymous_2)
FNF:2
FNH:2
FNDA:1,(anonymous_1)
FNDA:4,(anonymous_2)
DA:2,1
DA:4,1
DA:11,1
DA:20,4
DA:24,1
LF:5
LH:5
BRF:0
BRH:0
end_of_record
TN:
SF:C:\Users\HP\Desktop\teamwork-project\teamwork-project\src\helper/validate.js
FN:2,(anonymous_0)
FN:6,(anonymous_1)
FNF:2
FNH:2
FNDA:5,(anonymous_0)
FNDA:1,(anonymous_1)
DA:1,1
DA:3,5
DA:7,1
DA:11,1
LF:4
LH:4
BRF:0
BRH:0
end_of_record
TN:
SF:C:\Users\HP\Desktop\teamwork-project\teamwork-project\src\middleware/Auth.js
FN:9,queryUser
FN:17,(anonymous_2)
FN:20,(anonymous_3)
FN:44,(anonymous_4)
FN:48,(anonymous_5)
FNF:5
FNH:5
FNDA:2,queryUser
FNDA:1,(anonymous_2)
FNDA:1,(anonymous_3)
FNDA:1,(anonymous_4)
FNDA:1,(anonymous_5)
DA:1,1
DA:2,1
DA:3,1
DA:6,1
DA:7,1
DA:10,2
DA:11,2
DA:12,2
DA:16,1
DA:18,1
DA:19,1
DA:20,1
DA:21,1
DA:25,1
DA:26,1
DA:27,1
DA:28,1
DA:29,1
DA:31,0
DA:37,0
DA:45,1
DA:47,1
DA:48,1
DA:49,1
DA:50,0
DA:55,1
DA:57,1
DA:58,1
DA:59,1
DA:60,1
DA:62,0
DA:68,0
DA:77,1
LF:33
LH:28
BRDA:19,0,0,1
BRDA:19,0,1,0
BRDA:21,1,0,0
BRDA:21,1,1,1
BRDA:26,2,0,1
BRDA:26,2,1,0
BRDA:47,3,0,1
BRDA:47,3,1,0
BRDA:49,4,0,0
BRDA:49,4,1,1
BRDA:57,5,0,1
BRDA:57,5,1,0
BRDA:57,6,0,1
BRDA:57,6,1,1
BRF:14
BRH:8
end_of_record
TN:
SF:C:\Users\HP\Desktop\teamwork-project\teamwork-project\src\middleware/multer.js
FN:12,(anonymous_1)
FNF:1
FNH:0
FNDA:0,(anonymous_1)
DA:1,1
DA:2,1
DA:3,1
DA:4,1
DA:5,1
DA:6,1
DA:12,1
LF:7
LH:7
BRF:0
BRH:0
end_of_record
TN:
SF:C:\Users\HP\Desktop\teamwork-project\teamwork-project\src\model/db.js
FN:12,(anonymous_1)
FN:13,(anonymous_2)
FN:14,(anonymous_3)
FN:17,(anonymous_4)
FNF:4
FNH:3
FNDA:10,(anonymous_1)
FNDA:10,(anonymous_2)
FNDA:9,(anonymous_3)
FNDA:0,(anonymous_4)
DA:1,1
DA:2,1
DA:4,1
DA:6,1
DA:11,1
DA:13,10
DA:14,10
DA:15,9
DA:18,0
LF:9
LH:8
BRF:0
BRH:0
end_of_record
TN:
SF:C:\Users\HP\Desktop\teamwork-project\teamwork-project\src\model/tables.model.js
FN:16,(anonymous_1)
FN:70,(anonymous_2)
FN:74,(anonymous_3)
FN:121,(anonymous_4)
FN:134,(anonymous_5)
FNF:5
FNH:0
FNDA:0,(anonymous_1)
FNDA:0,(anonymous_2)
FNDA:0,(anonymous_3)
FNDA:0,(anonymous_4)
FNDA:0,(anonymous_5)
DA:2,1
DA:4,1
DA:5,1
DA:7,1
DA:8,1
DA:10,1
DA:14,1
DA:16,1
DA:18,0
DA:70,0
DA:71,0
DA:72,0
DA:73,0
DA:75,0
DA:76,0
DA:83,1
DA:88,1
DA:90,1
DA:93,1
DA:94,1
DA:98,1
DA:99,1
DA:102,1
DA:107,1
DA:108,1
DA:109,1
DA:110,1
DA:114,1
DA:116,1
DA:121,1
DA:122,0
DA:123,0
DA:124,0
DA:125,0
DA:126,0
DA:127,0
DA:129,0
DA:131,0
DA:134,1
DA:135,0
DA:136,0
LF:41
LH:24
BRF:0
BRH:0
end_of_record
TN:
SF:C:\Users\HP\Desktop\teamwork-project\teamwork-project\src\routes/article.route.js
FNF:0
FNH:0
DA:1,1
DA:2,1
DA:3,1
DA:5,1
DA:7,1
DA:8,1
DA:9,1
DA:10,1
DA:11,1
DA:13,1
LF:10
LH:10
BRF:0
BRH:0
end_of_record
TN:
SF:C:\Users\HP\Desktop\teamwork-project\teamwork-project\src\routes/articleComment.route.js
FNF:0
FNH:0
DA:1,1
DA:2,1
DA:3,1
DA:5,1
DA:7,1
DA:10,1
LF:6
LH:6
BRF:0
BRH:0
end_of_record
TN:
SF:C:\Users\HP\Desktop\teamwork-project\teamwork-project\src\routes/feed.route.js
FNF:0
FNH:0
DA:1,1
DA:2,1
DA:3,1
DA:5,1
DA:7,1
DA:9,1
LF:6
LH:6
BRF:0
BRH:0
end_of_record
TN:
SF:C:\Users\HP\Desktop\teamwork-project\teamwork-project\src\routes/gift.route.js
FNF:0
FNH:0
DA:1,1
DA:2,1
DA:3,1
DA:4,1
DA:6,1
DA:8,1
DA:9,1
DA:10,1
DA:11,1
DA:13,1
LF:10
LH:10
BRF:0
BRH:0
end_of_record
TN:
SF:C:\Users\HP\Desktop\teamwork-project\teamwork-project\src\routes/giftComment.route.js
FNF:0
FNH:0
DA:1,1
DA:2,1
DA:3,1
DA:5,1
DA:7,1
DA:10,1
LF:6
LH:6
BRF:0
BRH:0
end_of_record
TN:
SF:C:\Users\HP\Desktop\teamwork-project\teamwork-project\src\routes/user.route.js
FNF:0
FNH:0
DA:1,1
DA:2,1
DA:3,1
DA:4,1
DA:5,1
DA:7,1
DA:9,1
DA:10,1
DA:12,1
LF:9
LH:9
BRF:0
BRH:0
end_of_record
TN:
SF:C:\Users\HP\Desktop\teamwork-project\teamwork-project\src\server/cloudinaryConfig.js
FN:5,(anonymous_2)
FNF:1
FNH:1
FNDA:6,(anonymous_2)
DA:1,1
DA:2,1
DA:3,1
DA:5,1
DA:6,6
DA:11,6
LF:6
LH:6
BRF:0
BRH:0
end_of_record
TN:
SF:C:\Users\HP\Desktop\teamwork-project\teamwork-project\tests/auth.js
FN:15,(anonymous_1)
FN:16,(anonymous_2)
FN:20,(anonymous_3)
FN:27,(anonymous_4)
FN:39,(anonymous_5)
FN:41,(anonymous_6)
FN:49,(anonymous_7)
FN:62,(anonymous_8)
FN:77,(anonymous_9)
FN:90,(anonymous_10)
FN:98,(anonymous_11)
FN:113,(anonymous_12)
FN:114,(anonymous_13)
FN:122,(anonymous_14)
FN:135,(anonymous_15)
FN:144,(anonymous_16)
FNF:16
FNH:16
FNDA:1,(anonymous_1)
FNDA:1,(anonymous_2)
FNDA:1,(anonymous_3)
FNDA:1,(anonymous_4)
FNDA:1,(anonymous_5)
FNDA:1,(anonymous_6)
FNDA:1,(anonymous_7)
FNDA:1,(anonymous_8)
FNDA:1,(anonymous_9)
FNDA:1,(anonymous_10)
FNDA:1,(anonymous_11)
FNDA:1,(anonymous_12)
FNDA:1,(anonymous_13)
FNDA:1,(anonymous_14)
FNDA:1,(anonymous_15)
FNDA:1,(anonymous_16)
DA:1,1
DA:2,1
DA:3,1
DA:4,1
DA:7,1
DA:10,1
DA:15,1
DA:16,1
DA:17,1
DA:20,1
DA:21,1
DA:28,1
DA:29,1
DA:30,1
DA:31,1
DA:32,1
DA:33,1
DA:34,1
DA:35,1
DA:36,1
DA:37,1
DA:39,1
DA:41,1
DA:42,1
DA:50,1
DA:51,1
DA:52,1
DA:53,1
DA:54,1
DA:55,1
DA:56,1
DA:57,1
DA:58,1
DA:62,1
DA:63,1
DA:78,1
DA:79,1
DA:80,1
DA:81,1
DA:82,1
DA:83,1
DA:84,1
DA:85,1
DA:86,1
DA:87,1
DA:90,1
DA:91,1
DA:99,1
DA:100,1
DA:101,1
DA:102,1
DA:103,1
DA:104,1
DA:105,1
DA:106,1
DA:107,1
DA:108,1
DA:113,1
DA:114,1
DA:115,1
DA:123,1
DA:124,1
DA:125,1
DA:126,1
DA:127,1
DA:128,1
DA:129,1
DA:130,1
DA:131,1
DA:132,1
DA:135,1
DA:136,1
DA:145,1
DA:146,1
DA:147,1
DA:148,1
DA:149,1
DA:150,1
DA:151,1
DA:152,1
DA:153,1
DA:154,1
LF:82
LH:82
BRF:0
BRH:0
end_of_record
